0 info it worked if it ends with ok
1 verbose cli [ 'C:\\Program Files\\nodejs\\node.exe',
1 verbose cli   'C:\\Users\\Tra My\\AppData\\Roaming\\npm\\node_modules\\npm\\bin\\npm-cli.js',
1 verbose cli   'start' ]
2 info using npm@3.10.8
3 info using node@v6.9.1
4 verbose run-script [ 'prestart', 'start', 'poststart' ]
5 info lifecycle typescript@1.0.0~prestart: typescript@1.0.0
6 silly lifecycle typescript@1.0.0~prestart: no script for prestart, continuing
7 info lifecycle typescript@1.0.0~start: typescript@1.0.0
8 verbose lifecycle typescript@1.0.0~start: unsafe-perm in lifecycle true
9 verbose lifecycle typescript@1.0.0~start: PATH: C:\Users\Tra My\AppData\Roaming\npm\node_modules\npm\bin\node-gyp-bin;D:\typscriptES\node_modules\.bin;C:\ProgramData\Oracle\Java\javapath;C:\WINDOWS\system32;C:\WINDOWS;C:\WINDOWS\System32\Wbem;C:\WINDOWS\System32\WindowsPowerShell\v1.0\;C:\Program Files\Git\cmd;C:\Program Files\Skype\Phone\;C:\Program Files\nodejs\;C:\Users\Tra My\AppData\Local\Microsoft\WindowsApps;C:\Users\Tra My\AppData\Roaming\npm;C:\Program Files\Microsoft VS Code\bin
10 verbose lifecycle typescript@1.0.0~start: CWD: D:\typscriptES
11 silly lifecycle typescript@1.0.0~start: Args: [ '/d /s /c', 'lite-server' ]
12 silly lifecycle typescript@1.0.0~start: Returned: code: 3221225786  signal: null
13 info lifecycle typescript@1.0.0~start: Failed to exec start script
14 verbose stack Error: typescript@1.0.0 start: `lite-server`
14 verbose stack Exit status 3221225786
14 verbose stack     at EventEmitter.<anonymous> (C:\Users\Tra My\AppData\Roaming\npm\node_modules\npm\lib\utils\lifecycle.js:255:16)
14 verbose stack     at emitTwo (events.js:106:13)
14 verbose stack     at EventEmitter.emit (events.js:191:7)
14 verbose stack     at ChildProcess.<anonymous> (C:\Users\Tra My\AppData\Roaming\npm\node_modules\npm\lib\utils\spawn.js:40:14)
14 verbose stack     at emitTwo (events.js:106:13)
14 verbose stack     at ChildProcess.emit (events.js:191:7)
14 verbose stack     at maybeClose (internal/child_process.js:877:16)
14 verbose stack     at Process.ChildProcess._handle.onexit (internal/child_process.js:226:5)
15 verbose pkgid typescript@1.0.0
16 verbose cwd D:\typscriptES
17 error Windows_NT 10.0.14393
18 error argv "C:\\Program Files\\nodejs\\node.exe" "C:\\Users\\Tra My\\AppData\\Roaming\\npm\\node_modules\\npm\\bin\\npm-cli.js" "start"
19 error node v6.9.1
20 error npm  v3.10.8
21 error code ELIFECYCLE
22 error typescript@1.0.0 start: `lite-server`
22 error Exit status 3221225786
23 error Failed at the typescript@1.0.0 start script 'lite-server'.
23 error Make sure you have the latest version of node.js and npm installed.
23 error If you do, this is most likely a problem with the typescript package,
23 error not with npm itself.
23 error Tell the author that this fails on your system:
23 error     lite-server
23 error You can get information on how to open an issue for this project with:
23 error     npm bugs typescript
23 error Or if that isn't available, you can get their info via:
23 error     npm owner ls typescript
23 error There is likely additional logging output above.
24 verbose exit [ 1, true ]
